Determining if the pthread_create exist failed with the following output:
Change Dir: /home/arek/youbot_ws/build/CMakeFiles/CMakeTmp

Run Build Command:"/usr/bin/make" "cmTC_a3e1f/fast"
/usr/bin/make -f CMakeFiles/cmTC_a3e1f.dir/build.make CMakeFiles/cmTC_a3e1f.dir/build
make[1]: Wejście do katalogu '/home/arek/youbot_ws/build/CMakeFiles/CMakeTmp'
Building C object CMakeFiles/cmTC_a3e1f.dir/CheckSymbolExists.c.o
/usr/bin/cc     -o CMakeFiles/cmTC_a3e1f.dir/CheckSymbolExists.c.o   -c /home/arek/youbot_ws/build/CMakeFiles/CMakeTmp/CheckSymbolExists.c
Linking C executable cmTC_a3e1f
/usr/bin/cmake -E cmake_link_script CMakeFiles/cmTC_a3e1f.dir/link.txt --verbose=1
/usr/bin/cc       CMakeFiles/cmTC_a3e1f.dir/CheckSymbolExists.c.o  -o cmTC_a3e1f -rdynamic 
CMakeFiles/cmTC_a3e1f.dir/CheckSymbolExists.c.o: In function `main':
CheckSymbolExists.c:(.text+0x16): undefined reference to `pthread_create'
collect2: error: ld returned 1 exit status
CMakeFiles/cmTC_a3e1f.dir/build.make:97: polecenia dla obiektu 'cmTC_a3e1f' nie powiodły się
make[1]: *** [cmTC_a3e1f] Błąd 1
make[1]: Opuszczenie katalogu '/home/arek/youbot_ws/build/CMakeFiles/CMakeTmp'
Makefile:126: polecenia dla obiektu 'cmTC_a3e1f/fast' nie powiodły się
make: *** [cmTC_a3e1f/fast] Błąd 2

File /home/arek/youbot_ws/build/CMakeFiles/CMakeTmp/CheckSymbolExists.c:
/* */
#include <pthread.h>

int main(int argc, char** argv)
{
  (void)argv;
#ifndef pthread_create
  return ((int*)(&pthread_create))[argc];
#else
  (void)argc;
  return 0;
#endif
}

Determining if the function pthread_create exists in the pthreads failed with the following output:
Change Dir: /home/arek/youbot_ws/build/CMakeFiles/CMakeTmp

Run Build Command:"/usr/bin/make" "cmTC_3ea47/fast"
/usr/bin/make -f CMakeFiles/cmTC_3ea47.dir/build.make CMakeFiles/cmTC_3ea47.dir/build
make[1]: Wejście do katalogu '/home/arek/youbot_ws/build/CMakeFiles/CMakeTmp'
Building C object CMakeFiles/cmTC_3ea47.dir/CheckFunctionExists.c.o
/usr/bin/cc    -DCHECK_FUNCTION_EXISTS=pthread_create   -o CMakeFiles/cmTC_3ea47.dir/CheckFunctionExists.c.o   -c /usr/share/cmake-3.5/Modules/CheckFunctionExists.c
Linking C executable cmTC_3ea47
/usr/bin/cmake -E cmake_link_script CMakeFiles/cmTC_3ea47.dir/link.txt --verbose=1
/usr/bin/cc   -DCHECK_FUNCTION_EXISTS=pthread_create    CMakeFiles/cmTC_3ea47.dir/CheckFunctionExists.c.o  -o cmTC_3ea47 -rdynamic -lpthreads 
/usr/bin/ld: cannot find -lpthreads
collect2: error: ld returned 1 exit status
CMakeFiles/cmTC_3ea47.dir/build.make:97: polecenia dla obiektu 'cmTC_3ea47' nie powiodły się
make[1]: *** [cmTC_3ea47] Błąd 1
make[1]: Opuszczenie katalogu '/home/arek/youbot_ws/build/CMakeFiles/CMakeTmp'
Makefile:126: polecenia dla obiektu 'cmTC_3ea47/fast' nie powiodły się
make: *** [cmTC_3ea47/fast] Błąd 2


